mode: set
github.com/ARM-software/golang-utils/utils/proc/find/find_linux.go:24.121,26.16 2 1
github.com/ARM-software/golang-utils/utils/proc/find/find_linux.go:26.16,28.3 1 0
github.com/ARM-software/golang-utils/utils/proc/find/find_linux.go:30.2,31.16 2 1
github.com/ARM-software/golang-utils/utils/proc/find/find_linux.go:31.16,32.59 1 1
github.com/ARM-software/golang-utils/utils/proc/find/find_linux.go:32.59,35.4 2 1
github.com/ARM-software/golang-utils/utils/proc/find/find_linux.go:36.3,37.9 2 0
github.com/ARM-software/golang-utils/utils/proc/find/find_linux.go:40.2,43.8 3 1
github.com/ARM-software/golang-utils/utils/proc/find/find_linux.go:46.83,48.16 2 1
github.com/ARM-software/golang-utils/utils/proc/find/find_linux.go:48.16,50.3 1 0
github.com/ARM-software/golang-utils/utils/proc/find/find_linux.go:52.2,53.16 2 1
github.com/ARM-software/golang-utils/utils/proc/find/find_linux.go:53.16,56.3 2 0
github.com/ARM-software/golang-utils/utils/proc/find/find_linux.go:58.2,59.16 2 1
github.com/ARM-software/golang-utils/utils/proc/find/find_linux.go:59.16,62.3 2 0
github.com/ARM-software/golang-utils/utils/proc/find/find_linux.go:64.2,64.8 1 1
github.com/ARM-software/golang-utils/utils/proc/find/find_linux.go:68.127,69.32 1 1
github.com/ARM-software/golang-utils/utils/proc/find/find_linux.go:69.32,72.3 2 0
github.com/ARM-software/golang-utils/utils/proc/find/find_linux.go:73.2,74.16 2 1
github.com/ARM-software/golang-utils/utils/proc/find/find_linux.go:74.16,76.3 1 1
github.com/ARM-software/golang-utils/utils/proc/find/find_linux.go:78.2,80.16 3 1
github.com/ARM-software/golang-utils/utils/proc/find/find_linux.go:80.16,83.3 2 0
github.com/ARM-software/golang-utils/utils/proc/find/find_linux.go:85.2,85.151 1 1
github.com/ARM-software/golang-utils/utils/proc/find/find_linux.go:85.151,87.29 2 1
github.com/ARM-software/golang-utils/utils/proc/find/find_linux.go:87.29,89.4 1 1
github.com/ARM-software/golang-utils/utils/proc/find/find_linux.go:91.3,92.17 2 1
github.com/ARM-software/golang-utils/utils/proc/find/find_linux.go:92.17,94.4 1 0
github.com/ARM-software/golang-utils/utils/proc/find/find_linux.go:96.3,97.9 2 1
github.com/ARM-software/golang-utils/utils/proc/find/find_linux.go:100.2,100.8 1 1
github.com/ARM-software/golang-utils/utils/proc/find/find_linux.go:104.104,106.2 1 1
github.com/ARM-software/golang-utils/utils/proc/find/find_linux.go:109.97,111.2 1 1
